2021-06-15 16:07:31,653 CRIT Supervisor is running as root.  Privileges were not dropped because no user is specified in the config file.  If you intend to run as root, you can set user=root in the config file to avoid this message.
2021-06-15 16:07:31,668 INFO supervisord started with pid 8
2021-06-15 16:07:32,672 INFO spawned: 'nginx' with pid 11
2021-06-15 16:07:32,674 INFO spawned: 'php-fpm' with pid 12
2021-06-15 16:07:33,748 INFO success: nginx entered RUNNING state, process has stayed up for > than 1 seconds (startsecs)
2021-06-15 16:07:42,761 INFO success: php-fpm entered RUNNING state, process has stayed up for > than 10 seconds (startsecs)
2021-06-20 13:24:07,069 CRIT Supervisor is running as root.  Privileges were not dropped because no user is specified in the config file.  If you intend to run as root, you can set user=root in the config file to avoid this message.
2021-06-20 13:24:07,081 INFO supervisord started with pid 9
2021-06-20 13:24:08,084 INFO spawned: 'nginx' with pid 12
2021-06-20 13:24:08,087 INFO spawned: 'php-fpm' with pid 13
2021-06-20 13:24:09,365 INFO success: nginx entered RUNNING state, process has stayed up for > than 1 seconds (startsecs)
2021-06-20 13:24:18,377 INFO success: php-fpm entered RUNNING state, process has stayed up for > than 10 seconds (startsecs)
2021-06-27 10:03:12,040 CRIT Supervisor is running as root.  Privileges were not dropped because no user is specified in the config file.  If you intend to run as root, you can set user=root in the config file to avoid this message.
2021-06-27 10:03:12,053 INFO supervisord started with pid 8
2021-06-27 10:03:13,056 INFO spawned: 'nginx' with pid 11
2021-06-27 10:03:13,059 INFO spawned: 'php-fpm' with pid 12
2021-06-27 10:03:14,422 INFO success: nginx entered RUNNING state, process has stayed up for > than 1 seconds (startsecs)
2021-06-27 10:03:23,437 INFO success: php-fpm entered RUNNING state, process has stayed up for > than 10 seconds (startsecs)
2021-06-28 07:30:11,182 CRIT Supervisor is running as root.  Privileges were not dropped because no user is specified in the config file.  If you intend to run as root, you can set user=root in the config file to avoid this message.
2021-06-28 07:30:11,192 INFO supervisord started with pid 9
2021-06-28 07:30:12,197 INFO spawned: 'nginx' with pid 12
2021-06-28 07:30:12,204 INFO spawned: 'php-fpm' with pid 13
2021-06-28 07:30:13,475 INFO success: nginx entered RUNNING state, process has stayed up for > than 1 seconds (startsecs)
2021-06-28 07:30:22,546 INFO success: php-fpm entered RUNNING state, process has stayed up for > than 10 seconds (startsecs)
2021-07-01 09:48:09,776 CRIT Supervisor is running as root.  Privileges were not dropped because no user is specified in the config file.  If you intend to run as root, you can set user=root in the config file to avoid this message.
2021-07-01 09:48:09,786 INFO supervisord started with pid 9
2021-07-01 09:48:10,789 INFO spawned: 'nginx' with pid 12
2021-07-01 09:48:10,794 INFO spawned: 'php-fpm' with pid 13
2021-07-01 09:48:12,195 INFO success: nginx entered RUNNING state, process has stayed up for > than 1 seconds (startsecs)
2021-07-01 09:48:21,206 INFO success: php-fpm entered RUNNING state, process has stayed up for > than 10 seconds (startsecs)
2021-07-02 08:34:31,568 CRIT Supervisor is running as root.  Privileges were not dropped because no user is specified in the config file.  If you intend to run as root, you can set user=root in the config file to avoid this message.
2021-07-02 08:34:31,579 INFO supervisord started with pid 9
2021-07-02 08:34:32,586 INFO spawned: 'nginx' with pid 12
2021-07-02 08:34:32,593 INFO spawned: 'php-fpm' with pid 13
2021-07-02 08:34:33,887 INFO success: nginx entered RUNNING state, process has stayed up for > than 1 seconds (startsecs)
2021-07-02 08:34:42,902 INFO success: php-fpm entered RUNNING state, process has stayed up for > than 10 seconds (startsecs)
2021-07-05 08:48:35,568 CRIT Supervisor is running as root.  Privileges were not dropped because no user is specified in the config file.  If you intend to run as root, you can set user=root in the config file to avoid this message.
2021-07-05 08:48:35,581 INFO supervisord started with pid 9
2021-07-05 08:48:36,586 INFO spawned: 'nginx' with pid 12
2021-07-05 08:48:36,592 INFO spawned: 'php-fpm' with pid 13
2021-07-05 08:48:38,442 INFO success: nginx entered RUNNING state, process has stayed up for > than 1 seconds (startsecs)
2021-07-05 08:48:47,574 INFO success: php-fpm entered RUNNING state, process has stayed up for > than 10 seconds (startsecs)
2021-07-06 09:56:40,126 CRIT Supervisor is running as root.  Privileges were not dropped because no user is specified in the config file.  If you intend to run as root, you can set user=root in the config file to avoid this message.
2021-07-06 09:56:40,144 INFO supervisord started with pid 9
2021-07-06 09:56:41,147 INFO spawned: 'nginx' with pid 12
2021-07-06 09:56:41,150 INFO spawned: 'php-fpm' with pid 13
2021-07-06 09:56:42,414 INFO success: nginx entered RUNNING state, process has stayed up for > than 1 seconds (startsecs)
2021-07-06 09:56:51,427 INFO success: php-fpm entered RUNNING state, process has stayed up for > than 10 seconds (startsecs)
2021-07-09 10:57:41,264 CRIT Supervisor is running as root.  Privileges were not dropped because no user is specified in the config file.  If you intend to run as root, you can set user=root in the config file to avoid this message.
2021-07-09 10:57:41,278 INFO supervisord started with pid 8
2021-07-09 10:57:42,282 INFO spawned: 'nginx' with pid 11
2021-07-09 10:57:42,286 INFO spawned: 'php-fpm' with pid 12
2021-07-09 10:57:43,574 INFO success: nginx entered RUNNING state, process has stayed up for > than 1 seconds (startsecs)
2021-07-09 10:57:52,586 INFO success: php-fpm entered RUNNING state, process has stayed up for > than 10 seconds (startsecs)
2021-07-12 10:27:50,144 CRIT Supervisor is running as root.  Privileges were not dropped because no user is specified in the config file.  If you intend to run as root, you can set user=root in the config file to avoid this message.
2021-07-12 10:27:50,152 INFO supervisord started with pid 9
2021-07-12 10:27:51,154 INFO spawned: 'nginx' with pid 12
2021-07-12 10:27:51,156 INFO spawned: 'php-fpm' with pid 13
2021-07-12 10:27:52,512 INFO success: nginx entered RUNNING state, process has stayed up for > than 1 seconds (startsecs)
2021-07-12 10:28:01,524 INFO success: php-fpm entered RUNNING state, process has stayed up for > than 10 seconds (startsecs)
2021-07-12 16:57:49,503 CRIT Supervisor is running as root.  Privileges were not dropped because no user is specified in the config file.  If you intend to run as root, you can set user=root in the config file to avoid this message.
2021-07-12 16:57:49,577 INFO supervisord started with pid 9
2021-07-12 16:57:50,608 INFO spawned: 'nginx' with pid 12
2021-07-12 16:57:50,650 INFO spawned: 'php-fpm' with pid 13
2021-07-12 16:57:51,676 INFO success: nginx entered RUNNING state, process has stayed up for > than 1 seconds (startsecs)
2021-07-12 16:58:00,742 INFO success: php-fpm entered RUNNING state, process has stayed up for > than 10 seconds (startsecs)
